Namespace(HF=None, check='True', delete_intermediate='False', device='cuda', input_data='./raw_dataset/', intermediate='./pred_dataset/', model='whisperx', output_data='./processed_dataset/', precision='float16', preprocess='False', preprocess_output_location=None, size='large-v2', timestamp='False', wer_check_segment=0.1, wer_keep_segment=0.3, word_level_alignment='True')
No language specified, language will be first be detected for each audio file (increases inference time).
Lightning automatically upgraded your loaded checkpoint from v1.5.4 to v2.0.9. To apply the upgrade to your files permanently, run `python -m pytorch_lightning.utilities.upgrade_checkpoint --file ../../.cache/torch/whisperx-vad-segmentation.bin`
Model was trained with pyannote.audio 0.0.1, yours is 3.1.0. Bad things might happen unless you revert pyannote.audio to 0.x.
Model was trained with torch 1.10.0+cu102, yours is 2.0.1+cu117. Bad things might happen unless you revert torch to 1.x.
Detected language: en (0.99) in first 30s of audio...
Detected language: nl (0.94) in first 30s of audio...
Detected language: zh (0.94) in first 30s of audio...
Detected language: en (0.98) in first 30s of audio...
Detected language: zh (0.99) in first 30s of audio...
Detected language: en (0.99) in first 30s of audio...
Detected language: zh (0.94) in first 30s of audio...
Detected language: en (0.97) in first 30s of audio...
Detected language: en (0.99) in first 30s of audio...
Detected language: zh (0.92) in first 30s of audio...
Detected language: zh (0.98) in first 30s of audio...
Detected language: es (0.97) in first 30s of audio...
Detected language: en (0.98) in first 30s of audio...
Detected language: en (0.98) in first 30s of audio...
Detected language: en (0.99) in first 30s of audio...
Detected language: zh (0.96) in first 30s of audio...
Detected language: en (0.99) in first 30s of audio...
Detected language: zh (0.96) in first 30s of audio...
Detected language: es (0.96) in first 30s of audio...
Detected language: en (0.97) in first 30s of audio...
Detected language: en (0.69) in first 30s of audio...
Detected language: es (0.97) in first 30s of audio...
Detected language: zh (0.98) in first 30s of audio...
Detected language: zh (0.98) in first 30s of audio...
Detected language: en (0.98) in first 30s of audio...
Detected language: en (0.83) in first 30s of audio...
Detected language: en (0.99) in first 30s of audio...
Detected language: en (0.99) in first 30s of audio...
Detected language: en (0.99) in first 30s of audio...
Detected language: en (0.97) in first 30s of audio...
Detected language: zh (0.96) in first 30s of audio...
Detected language: en (0.80) in first 30s of audio...
Detected language: zh (0.96) in first 30s of audio...
Detected language: en (0.91) in first 30s of audio...
Detected language: en (0.92) in first 30s of audio...
Detected language: nl (0.97) in first 30s of audio...
Detected language: en (0.92) in first 30s of audio...
Detected language: es (0.97) in first 30s of audio...
Detected language: nl (0.93) in first 30s of audio...
Detected language: en (0.99) in first 30s of audio...
Detected language: en (0.99) in first 30s of audio...
Detected language: es (0.95) in first 30s of audio...
Detected language: en (0.98) in first 30s of audio...
Detected language: es (0.96) in first 30s of audio...
Detected language: en (0.80) in first 30s of audio...
Detected language: en (0.98) in first 30s of audio...
Detected language: en (0.98) in first 30s of audio...
Detected language: en (1.00) in first 30s of audio...
Detected language: en (0.91) in first 30s of audio...
Detected language: es (0.97) in first 30s of audio...
Detected language: nl (0.98) in first 30s of audio...
Detected language: zh (0.93) in first 30s of audio...
Detected language: zh (0.94) in first 30s of audio...
Detected language: en (0.98) in first 30s of audio...
Detected language: en (0.94) in first 30s of audio...
Detected language: es (0.95) in first 30s of audio...
Detected language: nl (0.99) in first 30s of audio...
Detected language: zh (0.84) in first 30s of audio...
Detected language: en (0.98) in first 30s of audio...
Detected language: es (0.93) in first 30s of audio...
Detected language: en (1.00) in first 30s of audio...
Detected language: en (0.90) in first 30s of audio...
Detected language: nl (0.94) in first 30s of audio...
Detected language: en (0.99) in first 30s of audio...
Detected language: es (0.96) in first 30s of audio...
Detected language: nl (0.97) in first 30s of audio...
Detected language: zh (0.83) in first 30s of audio...
Detected language: en (0.96) in first 30s of audio...
Detected language: zh (0.98) in first 30s of audio...
Detected language: zh (0.89) in first 30s of audio...
Detected language: nl (0.96) in first 30s of audio...
Detected language: en (0.99) in first 30s of audio...
Detected language: en (0.95) in first 30s of audio...
Detected language: en (0.98) in first 30s of audio...
Detected language: nl (0.97) in first 30s of audio...
Detected language: en (0.99) in first 30s of audio...
Detected language: en (0.96) in first 30s of audio...
Detected language: zh (0.96) in first 30s of audio...
Detected language: zh (0.98) in first 30s of audio...
Detected language: en (0.99) in first 30s of audio...
Detected language: nl (0.93) in first 30s of audio...
Detected language: es (0.94) in first 30s of audio...
Detected language: zh (0.97) in first 30s of audio...
Detected language: zh (0.99) in first 30s of audio...
Detected language: en (0.98) in first 30s of audio...
Detected language: en (0.97) in first 30s of audio...
Detected language: zh (0.86) in first 30s of audio...
Detected language: en (0.98) in first 30s of audio...
Detected language: zh (0.88) in first 30s of audio...
Detected language: zh (0.98) in first 30s of audio...
Detected language: nl (0.98) in first 30s of audio...
Detected language: en (0.96) in first 30s of audio...
Detected language: en (0.98) in first 30s of audio...
Detected language: nl (0.95) in first 30s of audio...
Detected language: es (0.93) in first 30s of audio...
Detected language: en (0.96) in first 30s of audio...
Detected language: en (0.88) in first 30s of audio...
Detected language: zh (0.98) in first 30s of audio...
Detected language: nl (0.97) in first 30s of audio...
Detected language: en (0.98) in first 30s of audio...
Detected language: es (0.96) in first 30s of audio...
Detected language: zh (0.91) in first 30s of audio...
Detected language: nl (0.94) in first 30s of audio...
Detected language: en (0.91) in first 30s of audio...
Detected language: en (0.99) in first 30s of audio...
Detected language: en (0.99) in first 30s of audio...
Detected language: en (0.99) in first 30s of audio...
Detected language: zh (0.83) in first 30s of audio...
Detected language: nl (0.99) in first 30s of audio...
Detected language: es (0.97) in first 30s of audio...
Detected language: nn (0.54) in first 30s of audio...
Detected language: zh (0.79) in first 30s of audio...
Detected language: en (0.98) in first 30s of audio...
Detected language: en (0.99) in first 30s of audio...
Detected language: en (0.98) in first 30s of audio...
Detected language: zh (0.96) in first 30s of audio...
Detected language: nl (0.76) in first 30s of audio...
Detected language: en (0.95) in first 30s of audio...
Detected language: en (0.97) in first 30s of audio...
Detected language: nl (0.97) in first 30s of audio...
Detected language: en (0.99) in first 30s of audio...
Detected language: en (0.98) in first 30s of audio...
Detected language: en (0.96) in first 30s of audio...
Detected language: es (0.94) in first 30s of audio...
Detected language: en (0.98) in first 30s of audio...
Detected language: en (0.96) in first 30s of audio...
Detected language: en (0.93) in first 30s of audio...
Detected language: en (0.98) in first 30s of audio...
Detected language: en (0.91) in first 30s of audio...
Detected language: zh (0.99) in first 30s of audio...
Detected language: en (1.00) in first 30s of audio...
Detected language: en (0.99) in first 30s of audio...
Detected language: en (0.99) in first 30s of audio...
Detected language: zh (0.93) in first 30s of audio...
Detected language: en (1.00) in first 30s of audio...
Detected language: en (0.98) in first 30s of audio...
Detected language: en (0.96) in first 30s of audio...
Detected language: es (0.95) in first 30s of audio...
Detected language: en (0.97) in first 30s of audio...
Detected language: zh (0.84) in first 30s of audio...
Detected language: zh (0.92) in first 30s of audio...
Detected language: zh (0.86) in first 30s of audio...
Detected language: nl (0.97) in first 30s of audio...
Detected language: zh (0.98) in first 30s of audio...
Detected language: en (1.00) in first 30s of audio...
Detected language: zh (0.88) in first 30s of audio...
Detected language: en (0.95) in first 30s of audio...
Detected language: en (0.97) in first 30s of audio...
Detected language: nl (0.99) in first 30s of audio...
Detected language: zh (0.90) in first 30s of audio...
Detected language: en (0.99) in first 30s of audio...
Detected language: es (0.95) in first 30s of audio...
Detected language: en (0.97) in first 30s of audio...
Detected language: en (0.98) in first 30s of audio...
Detected language: zh (0.98) in first 30s of audio...
Detected language: zh (0.98) in first 30s of audio...
Detected language: nl (0.96) in first 30s of audio...
Detected language: es (0.95) in first 30s of audio...
Detected language: en (0.90) in first 30s of audio...
Detected language: en (0.85) in first 30s of audio...
Detected language: en (0.99) in first 30s of audio...
Detected language: es (0.92) in first 30s of audio...
Detected language: es (0.96) in first 30s of audio...
Detected language: es (0.95) in first 30s of audio...
Detected language: en (0.93) in first 30s of audio...
Detected language: en (0.99) in first 30s of audio...
Detected language: en (0.99) in first 30s of audio...
Detected language: en (0.99) in first 30s of audio...
Detected language: en (0.98) in first 30s of audio...
Detected language: en (1.00) in first 30s of audio...
Detected language: zh (0.92) in first 30s of audio...
Detected language: en (0.98) in first 30s of audio...
Detected language: zh (0.75) in first 30s of audio...
Detected language: nl (0.90) in first 30s of audio...
Detected language: nl (0.98) in first 30s of audio...
Detected language: zh (0.98) in first 30s of audio...
Detected language: zh (0.95) in first 30s of audio...
Detected language: zh (0.96) in first 30s of audio...
Detected language: en (0.98) in first 30s of audio...
Detected language: zh (0.84) in first 30s of audio...
Detected language: zh (0.98) in first 30s of audio...
Detected language: zh (0.99) in first 30s of audio...
Detected language: en (1.00) in first 30s of audio...
Detected language: en (0.93) in first 30s of audio...
Detected language: zh (0.77) in first 30s of audio...
Detected language: zh (0.92) in first 30s of audio...
Detected language: en (0.99) in first 30s of audio...
Detected language: nl (0.94) in first 30s of audio...
Detected language: es (0.95) in first 30s of audio...
Detected language: en (0.77) in first 30s of audio...
Detected language: en (0.96) in first 30s of audio...
Detected language: en (0.96) in first 30s of audio...
Detected language: en (0.92) in first 30s of audio...
Detected language: en (0.97) in first 30s of audio...
Detected language: nl (0.97) in first 30s of audio...
Detected language: en (0.95) in first 30s of audio...
Detected language: nl (0.96) in first 30s of audio...
Detected language: zh (0.92) in first 30s of audio...
Detected language: en (0.99) in first 30s of audio...
Detected language: en (0.99) in first 30s of audio...
Detected language: en (0.97) in first 30s of audio...
Detected language: nl (0.99) in first 30s of audio...
Detected language: nl (0.97) in first 30s of audio...
Detected language: zh (0.99) in first 30s of audio...
Detected language: en (0.99) in first 30s of audio...
Detected language: en (1.00) in first 30s of audio...
Detected language: en (0.99) in first 30s of audio...
Detected language: en (0.98) in first 30s of audio...
Detected language: en (0.99) in first 30s of audio...
Detected language: en (0.97) in first 30s of audio...
Detected language: zh (0.91) in first 30s of audio...
Detected language: en (0.99) in first 30s of audio...
Detected language: en (0.82) in first 30s of audio...
Detected language: es (0.95) in first 30s of audio...
Detected language: nl (0.97) in first 30s of audio...
Detected language: zh (0.91) in first 30s of audio...
Detected language: en (0.93) in first 30s of audio...
Detected language: zh (0.84) in first 30s of audio...
Detected language: es (0.96) in first 30s of audio...
Detected language: en (0.98) in first 30s of audio...
Detected language: es (0.88) in first 30s of audio...
Detected language: en (0.99) in first 30s of audio...
Detected language: es (0.95) in first 30s of audio...
Detected language: es (0.93) in first 30s of audio...
Detected language: en (0.98) in first 30s of audio...
Detected language: nl (0.93) in first 30s of audio...
Detected language: en (0.97) in first 30s of audio...
Detected language: nl (0.95) in first 30s of audio...
Detected language: en (0.98) in first 30s of audio...
Detected language: en (0.84) in first 30s of audio...
Detected language: en (0.97) in first 30s of audio...
Detected language: zh (0.91) in first 30s of audio...
Detected language: en (1.00) in first 30s of audio...
Detected language: zh (0.97) in first 30s of audio...
Detected language: zh (0.79) in first 30s of audio...
Detected language: en (0.99) in first 30s of audio...
Detected language: en (0.96) in first 30s of audio...
Detected language: en (0.91) in first 30s of audio...
Detected language: en (0.79) in first 30s of audio...
Detected language: en (0.98) in first 30s of audio...
Detected language: es (0.97) in first 30s of audio...
Detected language: en (0.99) in first 30s of audio...
Detected language: zh (0.97) in first 30s of audio...
Detected language: en (0.97) in first 30s of audio...
Detected language: en (0.84) in first 30s of audio...
Detected language: en (0.97) in first 30s of audio...
Detected language: en (0.99) in first 30s of audio...
Detected language: en (0.98) in first 30s of audio...
Detected language: en (0.99) in first 30s of audio...
Detected language: en (0.74) in first 30s of audio...
Detected language: en (0.99) in first 30s of audio...
Detected language: nl (0.99) in first 30s of audio...
Detected language: en (0.97) in first 30s of audio...
Detected language: en (0.96) in first 30s of audio...
Detected language: nl (0.98) in first 30s of audio...
Detected language: en (0.85) in first 30s of audio...
Detected language: zh (0.98) in first 30s of audio...
Detected language: en (0.99) in first 30s of audio...
Detected language: zh (0.96) in first 30s of audio...
Detected language: nl (0.96) in first 30s of audio...
Detected language: zh (0.99) in first 30s of audio...
Detected language: en (0.96) in first 30s of audio...
Detected language: en (0.73) in first 30s of audio...
Detected language: es (0.98) in first 30s of audio...
Detected language: es (0.97) in first 30s of audio...
Detected language: es (0.96) in first 30s of audio...
Detected language: en (0.61) in first 30s of audio...
Detected language: en (0.88) in first 30s of audio...
Detected language: zh (0.82) in first 30s of audio...
Detected language: en (0.96) in first 30s of audio...
Detected language: en (0.99) in first 30s of audio...
Detected language: en (0.99) in first 30s of audio...
Detected language: nl (0.96) in first 30s of audio...
Detected language: zh (0.96) in first 30s of audio...
Detected language: zh (0.96) in first 30s of audio...
Detected language: en (0.97) in first 30s of audio...
Detected language: zh (0.98) in first 30s of audio...
Detected language: es (0.98) in first 30s of audio...
Detected language: zh (0.96) in first 30s of audio...
Detected language: zh (0.99) in first 30s of audio...
Detected language: zh (0.84) in first 30s of audio...
Detected language: zh (0.88) in first 30s of audio...
Detected language: nl (0.96) in first 30s of audio...
Detected language: en (0.90) in first 30s of audio...
Detected language: en (0.99) in first 30s of audio...
Detected language: nl (0.99) in first 30s of audio...
Detected language: nl (0.97) in first 30s of audio...
Detected language: zh (0.98) in first 30s of audio...
Detected language: es (0.98) in first 30s of audio...
Detected language: en (0.99) in first 30s of audio...
Detected language: es (0.98) in first 30s of audio...
Detected language: en (0.99) in first 30s of audio...
Detected language: en (0.98) in first 30s of audio...
Detected language: es (0.95) in first 30s of audio...
Detected language: en (0.99) in first 30s of audio...
Detected language: zh (0.97) in first 30s of audio...
Detected language: en (0.92) in first 30s of audio...
Detected language: nl (0.98) in first 30s of audio...
Detected language: en (0.95) in first 30s of audio...
Detected language: en (0.98) in first 30s of audio...
Detected language: zh (0.89) in first 30s of audio...
Detected language: es (0.96) in first 30s of audio...
Detected language: zh (0.93) in first 30s of audio...
Detected language: en (0.99) in first 30s of audio...
Detected language: zh (0.98) in first 30s of audio...
Detected language: zh (0.97) in first 30s of audio...
Detected language: zh (0.92) in first 30s of audio...
Detected language: en (0.97) in first 30s of audio...
Detected language: en (0.99) in first 30s of audio...
Detected language: zh (0.96) in first 30s of audio...
Detected language: zh (0.95) in first 30s of audio...
Detected language: es (0.96) in first 30s of audio...
Detected language: en (0.98) in first 30s of audio...
Detected language: nn (0.40) in first 30s of audio...
Detected language: en (0.98) in first 30s of audio...
Detected language: zh (0.94) in first 30s of audio...
Detected language: es (0.97) in first 30s of audio...
Detected language: en (0.94) in first 30s of audio...
Detected language: es (0.94) in first 30s of audio...
Detected language: nl (0.98) in first 30s of audio...
Detected language: zh (0.97) in first 30s of audio...
Detected language: en (0.99) in first 30s of audio...
Detected language: es (0.97) in first 30s of audio...
Detected language: en (0.97) in first 30s of audio...
Detected language: es (0.97) in first 30s of audio...
Detected language: en (0.94) in first 30s of audio...
Detected language: nl (0.96) in first 30s of audio...
Detected language: zh (0.98) in first 30s of audio...
Detected language: zh (0.98) in first 30s of audio...
Detected language: en (0.98) in first 30s of audio...
Detected language: es (0.96) in first 30s of audio...
Detected language: en (0.99) in first 30s of audio...
Detected language: zh (0.95) in first 30s of audio...
Detected language: en (0.99) in first 30s of audio...
Detected language: en (0.99) in first 30s of audio...
Detected language: nl (0.82) in first 30s of audio...
Detected language: nl (0.66) in first 30s of audio...
Detected language: es (0.96) in first 30s of audio...
Detected language: en (0.91) in first 30s of audio...
Detected language: en (0.93) in first 30s of audio...
Detected language: nl (0.98) in first 30s of audio...
Detected language: zh (0.82) in first 30s of audio...
Detected language: nl (0.99) in first 30s of audio...
Detected language: en (0.99) in first 30s of audio...
Detected language: en (0.96) in first 30s of audio...
Detected language: zh (0.97) in first 30s of audio...
Detected language: en (0.98) in first 30s of audio...
Detected language: zh (0.88) in first 30s of audio...
Detected language: en (0.96) in first 30s of audio...
Detected language: nl (0.96) in first 30s of audio...
Detected language: zh (0.68) in first 30s of audio...
Detected language: en (0.99) in first 30s of audio...
Detected language: en (0.95) in first 30s of audio...
Detected language: zh (0.97) in first 30s of audio...
Detected language: en (0.82) in first 30s of audio...
Detected language: zh (0.98) in first 30s of audio...
Detected language: zh (0.79) in first 30s of audio...
Detected language: en (0.98) in first 30s of audio...
Detected language: en (0.99) in first 30s of audio...
Detected language: en (0.99) in first 30s of audio...
Detected language: zh (0.98) in first 30s of audio...
Detected language: en (0.98) in first 30s of audio...
Detected language: nl (0.99) in first 30s of audio...
Detected language: nl (0.97) in first 30s of audio...
Detected language: zh (0.92) in first 30s of audio...
Detected language: es (0.97) in first 30s of audio...
Detected language: zh (0.97) in first 30s of audio...
Detected language: en (0.99) in first 30s of audio...
Detected language: en (0.98) in first 30s of audio...
Detected language: zh (0.90) in first 30s of audio...
Detected language: es (0.96) in first 30s of audio...
Detected language: en (0.99) in first 30s of audio...
Detected language: es (0.97) in first 30s of audio...
Detected language: zh (0.76) in first 30s of audio...
Detected language: en (0.99) in first 30s of audio...
Detected language: nl (0.69) in first 30s of audio...
Detected language: es (0.92) in first 30s of audio...
Detected language: en (0.94) in first 30s of audio...
Detected language: es (0.92) in first 30s of audio...
Detected language: en (0.99) in first 30s of audio...
Detected language: nl (0.99) in first 30s of audio...
Detected language: en (0.97) in first 30s of audio...
Detected language: es (0.85) in first 30s of audio...
Detected language: es (0.96) in first 30s of audio...
Detected language: es (0.98) in first 30s of audio...
Detected language: en (1.00) in first 30s of audio...
Detected language: en (0.62) in first 30s of audio...
Detected language: en (0.95) in first 30s of audio...
Detected language: zh (0.99) in first 30s of audio...
Detected language: en (0.99) in first 30s of audio...
Detected language: en (0.99) in first 30s of audio...
Detected language: en (0.99) in first 30s of audio...
Detected language: zh (0.96) in first 30s of audio...
Detected language: en (0.95) in first 30s of audio...
Detected language: es (0.97) in first 30s of audio...
Detected language: es (0.96) in first 30s of audio...
Detected language: es (0.96) in first 30s of audio...
Detected language: en (0.97) in first 30s of audio...
Detected language: en (0.97) in first 30s of audio...
Detected language: en (0.97) in first 30s of audio...
Detected language: nl (0.98) in first 30s of audio...
Detected language: nl (0.90) in first 30s of audio...
Detected language: en (0.97) in first 30s of audio...
Detected language: zh (0.94) in first 30s of audio...
Detected language: zh (0.95) in first 30s of audio...
Detected language: nl (0.98) in first 30s of audio...
Detected language: en (0.66) in first 30s of audio...
Detected language: es (0.89) in first 30s of audio...
Detected language: zh (0.98) in first 30s of audio...
Detected language: en (0.96) in first 30s of audio...
Detected language: nl (0.93) in first 30s of audio...
Detected language: zh (0.92) in first 30s of audio...
Detected language: en (0.99) in first 30s of audio...
Detected language: nl (0.96) in first 30s of audio...
Detected language: en (0.97) in first 30s of audio...
Detected language: zh (0.94) in first 30s of audio...
Detected language: es (0.98) in first 30s of audio...
Detected language: en (0.98) in first 30s of audio...
Detected language: es (0.98) in first 30s of audio...
Detected language: es (0.95) in first 30s of audio...
Detected language: nl (0.98) in first 30s of audio...
Detected language: en (0.98) in first 30s of audio...
Detected language: zh (0.95) in first 30s of audio...
Detected language: en (0.99) in first 30s of audio...
Detected language: nl (0.85) in first 30s of audio...
Detected language: zh (0.90) in first 30s of audio...
Detected language: en (0.94) in first 30s of audio...
Detected language: nl (0.97) in first 30s of audio...
Detected language: en (0.97) in first 30s of audio...
Detected language: nl (0.93) in first 30s of audio...
Detected language: en (0.99) in first 30s of audio...
Detected language: en (0.96) in first 30s of audio...
Detected language: es (0.97) in first 30s of audio...
Detected language: nl (0.84) in first 30s of audio...
Detected language: en (0.95) in first 30s of audio...
Detected language: en (0.98) in first 30s of audio...
Detected language: en (0.91) in first 30s of audio...
Detected language: en (0.99) in first 30s of audio...
Detected language: nl (0.96) in first 30s of audio...
Detected language: en (1.00) in first 30s of audio...
Detected language: en (0.94) in first 30s of audio...
Detected language: en (0.98) in first 30s of audio...
Detected language: en (0.97) in first 30s of audio...
Detected language: en (0.90) in first 30s of audio...
Detected language: nl (0.92) in first 30s of audio...
Detected language: zh (0.99) in first 30s of audio...
Detected language: en (0.99) in first 30s of audio...
Detected language: nl (0.86) in first 30s of audio...
Detected language: en (0.98) in first 30s of audio...
Detected language: en (0.75) in first 30s of audio...
Detected language: es (0.98) in first 30s of audio...
Detected language: es (0.96) in first 30s of audio...
Detected language: en (0.92) in first 30s of audio...
Detected language: zh (0.99) in first 30s of audio...
Detected language: es (0.94) in first 30s of audio...
Detected language: en (0.98) in first 30s of audio...
Detected language: zh (0.97) in first 30s of audio...
Detected language: es (0.97) in first 30s of audio...
Detected language: en (0.97) in first 30s of audio...
Detected language: en (0.98) in first 30s of audio...
Detected language: es (0.97) in first 30s of audio...
Detected language: es (0.94) in first 30s of audio...
Detected language: en (0.97) in first 30s of audio...
Detected language: nl (0.97) in first 30s of audio...
Detected language: en (0.99) in first 30s of audio...
Detected language: en (0.98) in first 30s of audio...
Detected language: en (0.98) in first 30s of audio...
Detected language: nl (0.98) in first 30s of audio...
Detected language: en (0.99) in first 30s of audio...
Detected language: en (0.99) in first 30s of audio...
Detected language: zh (0.84) in first 30s of audio...
Detected language: zh (0.95) in first 30s of audio...
Detected language: en (0.98) in first 30s of audio...
Detected language: nl (0.94) in first 30s of audio...
Detected language: en (0.97) in first 30s of audio...
Detected language: zh (0.77) in first 30s of audio...
Detected language: nl (0.77) in first 30s of audio...
Detected language: zh (0.88) in first 30s of audio...
Detected language: nl (0.99) in first 30s of audio...
Detected language: nl (0.88) in first 30s of audio...
Detected language: zh (0.97) in first 30s of audio...
Detected language: en (0.93) in first 30s of audio...
Detected language: en (0.98) in first 30s of audio...
Detected language: en (0.99) in first 30s of audio...
Detected language: es (0.97) in first 30s of audio...
Detected language: en (0.98) in first 30s of audio...
Detected language: zh (0.89) in first 30s of audio...
Detected language: nl (0.98) in first 30s of audio...
Detected language: en (0.98) in first 30s of audio...
Detected language: en (0.99) in first 30s of audio...
Detected language: zh (0.95) in first 30s of audio...
Detected language: en (0.41) in first 30s of audio...
Detected language: en (0.99) in first 30s of audio...
Detected language: en (0.99) in first 30s of audio...
Detected language: en (0.99) in first 30s of audio...
Detected language: nl (0.97) in first 30s of audio...
Detected language: zh (0.99) in first 30s of audio...
Detected language: en (0.94) in first 30s of audio...
Detected language: es (0.96) in first 30s of audio...
Detected language: es (0.98) in first 30s of audio...
Detected language: nl (0.95) in first 30s of audio...
Detected language: nl (0.97) in first 30s of audio...
Detected language: zh (0.95) in first 30s of audio...
Detected language: zh (0.98) in first 30s of audio...
Detected language: en (0.65) in first 30s of audio...
Detected language: en (0.92) in first 30s of audio...
Detected language: es (0.98) in first 30s of audio...
Detected language: en (0.96) in first 30s of audio...
Detected language: en (0.98) in first 30s of audio...
Detected language: en (0.97) in first 30s of audio...
Detected language: es (0.97) in first 30s of audio...
Detected language: es (0.95) in first 30s of audio...
Detected language: en (0.98) in first 30s of audio...
Detected language: es (0.95) in first 30s of audio...
Detected language: es (0.86) in first 30s of audio...
Detected language: es (0.93) in first 30s of audio...
Detected language: en (0.99) in first 30s of audio...
Detected language: es (0.93) in first 30s of audio...
Detected language: nl (0.99) in first 30s of audio...
Detected language: zh (0.93) in first 30s of audio...
Detected language: nl (0.98) in first 30s of audio...
Detected language: nl (0.86) in first 30s of audio...
Detected language: en (0.98) in first 30s of audio...
Detected language: en (0.94) in first 30s of audio...
Detected language: en (0.98) in first 30s of audio...
Detected language: en (0.98) in first 30s of audio...
Detected language: nl (0.99) in first 30s of audio...
Detected language: en (0.98) in first 30s of audio...
Detected language: nl (0.81) in first 30s of audio...
Detected language: es (0.96) in first 30s of audio...
Detected language: zh (0.90) in first 30s of audio...
Detected language: en (0.98) in first 30s of audio...
Detected language: es (0.96) in first 30s of audio...
Detected language: en (0.93) in first 30s of audio...
Detected language: en (0.99) in first 30s of audio...
Detected language: es (0.94) in first 30s of audio...
Detected language: en (0.99) in first 30s of audio...
Detected language: nl (0.95) in first 30s of audio...
Detected language: nl (0.98) in first 30s of audio...
Detected language: en (0.98) in first 30s of audio...
Detected language: es (0.96) in first 30s of audio...
Detected language: en (0.98) in first 30s of audio...
Detected language: es (0.95) in first 30s of audio...
Detected language: en (0.93) in first 30s of audio...
Detected language: en (0.87) in first 30s of audio...
Detected language: es (0.95) in first 30s of audio...
Detected language: en (0.97) in first 30s of audio...
Detected language: en (0.98) in first 30s of audio...
Detected language: zh (0.98) in first 30s of audio...
Detected language: en (0.85) in first 30s of audio...
Detected language: nl (0.97) in first 30s of audio...
Detected language: en (0.99) in first 30s of audio...
Detected language: en (0.97) in first 30s of audio...
Detected language: nl (0.94) in first 30s of audio...
Detected language: nl (0.92) in first 30s of audio...
Detected language: es (0.97) in first 30s of audio...
Detected language: en (0.98) in first 30s of audio...
Detected language: en (0.96) in first 30s of audio...
Detected language: en (0.99) in first 30s of audio...
Detected language: en (0.98) in first 30s of audio...
Detected language: en (0.99) in first 30s of audio...
Detected language: nl (0.97) in first 30s of audio...
Detected language: en (0.98) in first 30s of audio...
Detected language: nl (0.95) in first 30s of audio...
Detected language: es (0.96) in first 30s of audio...
Detected language: nl (0.93) in first 30s of audio...
Detected language: en (0.93) in first 30s of audio...
Detected language: en (0.89) in first 30s of audio...
Detected language: nl (0.91) in first 30s of audio...
Detected language: en (0.99) in first 30s of audio...
Detected language: es (0.93) in first 30s of audio...
Detected language: nl (0.94) in first 30s of audio...
Detected language: nl (0.93) in first 30s of audio...
Detected language: zh (0.99) in first 30s of audio...
Detected language: nl (0.81) in first 30s of audio...
Detected language: es (0.96) in first 30s of audio...
Detected language: en (0.97) in first 30s of audio...
Detected language: nl (0.97) in first 30s of audio...
Detected language: en (0.95) in first 30s of audio...
Detected language: nl (0.98) in first 30s of audio...
Detected language: en (0.99) in first 30s of audio...
Detected language: es (0.97) in first 30s of audio...
Detected language: zh (0.85) in first 30s of audio...
Detected language: en (0.97) in first 30s of audio...
Detected language: es (0.96) in first 30s of audio...
Detected language: en (0.98) in first 30s of audio...
Detected language: en (0.95) in first 30s of audio...
Detected language: es (0.90) in first 30s of audio...
Detected language: zh (0.89) in first 30s of audio...
Detected language: en (0.98) in first 30s of audio...
Detected language: en (0.98) in first 30s of audio...
Detected language: es (0.98) in first 30s of audio...
Detected language: zh (0.96) in first 30s of audio...
Detected language: en (0.98) in first 30s of audio...
Detected language: zh (0.51) in first 30s of audio...
Detected language: en (0.93) in first 30s of audio...
Detected language: en (1.00) in first 30s of audio...
Detected language: en (0.95) in first 30s of audio...
Detected language: en (0.98) in first 30s of audio...
Detected language: en (0.92) in first 30s of audio...
Detected language: zh (0.88) in first 30s of audio...
Detected language: zh (0.98) in first 30s of audio...
Detected language: nl (0.96) in first 30s of audio...
Detected language: en (0.98) in first 30s of audio...
Detected language: es (0.95) in first 30s of audio...
Detected language: es (0.94) in first 30s of audio...
Detected language: zh (0.93) in first 30s of audio...
Detected language: en (0.99) in first 30s of audio...
Detected language: en (0.96) in first 30s of audio...
Detected language: zh (0.95) in first 30s of audio...
Detected language: en (0.95) in first 30s of audio...
Detected language: zh (0.77) in first 30s of audio...
Detected language: en (0.88) in first 30s of audio...
Detected language: nl (0.92) in first 30s of audio...
Detected language: en (0.99) in first 30s of audio...
Detected language: es (0.96) in first 30s of audio...
Detected language: en (1.00) in first 30s of audio...
Detected language: nl (0.97) in first 30s of audio...
Detected language: en (0.99) in first 30s of audio...
Detected language: en (0.98) in first 30s of audio...
Detected language: en (0.99) in first 30s of audio...
Detected language: es (0.97) in first 30s of audio...
Detected language: en (0.97) in first 30s of audio...
Detected language: es (0.97) in first 30s of audio...
Detected language: en (0.98) in first 30s of audio...
Detected language: zh (0.87) in first 30s of audio...
Detected language: en (0.98) in first 30s of audio...
Detected language: en (0.98) in first 30s of audio...
Detected language: es (0.89) in first 30s of audio...
Detected language: nl (0.98) in first 30s of audio...
Detected language: es (0.93) in first 30s of audio...
Detected language: en (0.95) in first 30s of audio...
Detected language: es (0.97) in first 30s of audio...
Detected language: en (0.95) in first 30s of audio...
Detected language: en (0.98) in first 30s of audio...
Detected language: en (0.99) in first 30s of audio...
Detected language: en (0.89) in first 30s of audio...
Detected language: nl (0.99) in first 30s of audio...
Detected language: en (0.95) in first 30s of audio...
Detected language: zh (0.99) in first 30s of audio...
Detected language: nl (0.96) in first 30s of audio...
Detected language: en (0.97) in first 30s of audio...
Detected language: nl (0.91) in first 30s of audio...
Detected language: en (0.84) in first 30s of audio...
Detected language: en (0.99) in first 30s of audio...
Detected language: en (0.98) in first 30s of audio...
Detected language: en (0.99) in first 30s of audio...
Detected language: en (0.97) in first 30s of audio...
Detected language: zh (0.95) in first 30s of audio...
Detected language: en (0.99) in first 30s of audio...
Detected language: es (0.97) in first 30s of audio...
Detected language: es (0.94) in first 30s of audio...
Detected language: en (0.99) in first 30s of audio...
Detected language: es (0.96) in first 30s of audio...
Detected language: nl (0.99) in first 30s of audio...
Detected language: zh (0.78) in first 30s of audio...
Detected language: en (0.96) in first 30s of audio...
Detected language: en (0.99) in first 30s of audio...
Detected language: en (0.40) in first 30s of audio...
Detected language: en (0.99) in first 30s of audio...
Detected language: nl (0.96) in first 30s of audio...
Detected language: en (0.98) in first 30s of audio...
Detected language: nl (0.99) in first 30s of audio...
Detected language: en (0.97) in first 30s of audio...
Detected language: zh (0.99) in first 30s of audio...
Detected language: zh (0.87) in first 30s of audio...
Detected language: en (0.99) in first 30s of audio...
Detected language: zh (0.95) in first 30s of audio...
Detected language: zh (0.98) in first 30s of audio...
Detected language: es (0.98) in first 30s of audio...
Detected language: en (0.98) in first 30s of audio...
Detected language: en (0.96) in first 30s of audio...
Detected language: nn (0.65) in first 30s of audio...
Detected language: zh (0.75) in first 30s of audio...
Detected language: zh (0.87) in first 30s of audio...
Detected language: en (0.98) in first 30s of audio...
Detected language: en (0.99) in first 30s of audio...
Detected language: en (0.92) in first 30s of audio...
Detected language: zh (0.96) in first 30s of audio...
Detected language: en (0.99) in first 30s of audio...
Detected language: zh (0.97) in first 30s of audio...
Detected language: en (0.80) in first 30s of audio...
Detected language: zh (0.98) in first 30s of audio...
Detected language: en (0.99) in first 30s of audio...
Detected language: zh (0.90) in first 30s of audio...
Detected language: nl (0.92) in first 30s of audio...
Detected language: en (0.97) in first 30s of audio...
Detected language: es (0.96) in first 30s of audio...
Detected language: zh (0.80) in first 30s of audio...
Detected language: es (0.97) in first 30s of audio...
Detected language: nl (0.99) in first 30s of audio...
Detected language: zh (0.95) in first 30s of audio...
Detected language: en (0.97) in first 30s of audio...
Detected language: es (0.97) in first 30s of audio...
Detected language: en (0.93) in first 30s of audio...
Detected language: en (0.99) in first 30s of audio...
Detected language: en (0.98) in first 30s of audio...
Detected language: en (0.86) in first 30s of audio...
Detected language: en (0.99) in first 30s of audio...
Detected language: nl (0.83) in first 30s of audio...
Detected language: es (0.96) in first 30s of audio...
Detected language: es (0.98) in first 30s of audio...
Detected language: es (0.96) in first 30s of audio...
Detected language: en (0.87) in first 30s of audio...
Detected language: zh (0.94) in first 30s of audio...
Detected language: en (0.97) in first 30s of audio...
Detected language: zh (0.99) in first 30s of audio...
Detected language: es (0.98) in first 30s of audio...
Detected language: en (0.99) in first 30s of audio...
Detected language: nl (0.94) in first 30s of audio...
Detected language: zh (0.99) in first 30s of audio...
Detected language: en (0.80) in first 30s of audio...
Detected language: en (0.99) in first 30s of audio...
Detected language: es (0.97) in first 30s of audio...
Detected language: en (0.96) in first 30s of audio...
Detected language: nl (0.97) in first 30s of audio...
Detected language: en (0.95) in first 30s of audio...
Detected language: en (0.98) in first 30s of audio...
Detected language: zh (0.48) in first 30s of audio...
in file: 607.mp3
prediction is: okay andrea go ahead and tell me the story that you see here
matched segment is: 
This segment is aborted.
in file: 607.mp3
prediction is: how would you start your story
matched segment is: 
This segment is aborted.
in file: 607.mp3
prediction is: one upon a time there was a little boy who was walking to the
matched segment is: 
This segment is aborted.
in file: 607.mp3
prediction is: huh
matched segment is: 
This segment is aborted.
in file: 607.mp3
prediction is: 0
matched segment is: 
This segment is aborted.
in file: 607.mp3
prediction is: going to the going the should we try the next page
matched segment is: 
This segment is aborted.
in file: 607.mp3
prediction is: okay
matched segment is: 
This segment is aborted.
in file: 607.mp3
prediction is: the little boy saw the cookies
matched segment is: 
This segment is aborted.
in file: 607.mp3
prediction is: and he just .
matched segment is: 
This segment is aborted.
in file: 607.mp3
prediction is: tried to pick the cookie on the bottom
matched segment is: 
This segment is aborted.
in file: 607.mp3
prediction is: the cookies all the cookies was fell down
matched segment is: 
This segment is aborted.
in file: 607.mp3
prediction is: and the man was very angry
matched segment is: 
This segment is aborted.
in file: 607.mp3
prediction is: the end
matched segment is: 
This segment is aborted.
in file: 607.mp3
prediction is: ok andrea tell me the story you see in this book
matched segment is: 
This segment is aborted.
in file: 607.mp3
prediction is: the elephant and the giraffe
matched segment is: 
This segment is aborted.
in file: 607.mp3
prediction is: was saw the elephant was pouncing the ball
matched segment is: 
This segment is aborted.
in file: 607.mp3
prediction is: and the ball was underwater
matched segment is: 
This segment is aborted.
in file: 607.mp3
prediction is: and giraffe trying to get the ball on the water and the giraffe got it and the elephant get it and the giraffe was wet
matched segment is: 
This segment is aborted.
in file: 607.mp3
prediction is: go ahead andrea
matched segment is: 
This segment is aborted.
in file: 607.mp3
prediction is: tell me the story of this scene
matched segment is: 
This segment is aborted.
in file: 607.mp3
prediction is: one upon a time the elephant and the giraffe saw the water
matched segment is: 
This segment is aborted.
in file: 607.mp3
prediction is: the elephant want to go on the water and the elephant go right away to go on the water
matched segment is: 
This segment is aborted.
in file: 607.mp3
prediction is: and the elephant slipped over the ground
matched segment is: 
This segment is aborted.
in file: 607.mp3
prediction is: and the elephant got hurt on the knees
matched segment is: 
This segment is aborted.
in file: 607.mp3
prediction is: and the elephant was crying
matched segment is: 
This segment is aborted.
in file: 607.mp3
prediction is: and the elephant was putting a band aid on
matched segment is: 
This segment is aborted.
in file: 607.mp3
prediction is: and the elephant was mad because it is
matched segment is: 
This segment is aborted.
in file: 607.mp3
prediction is: hurt on the knees with the band aid
matched segment is: 
This segment is aborted.
in file: 607.mp3
prediction is: and it is feel better
matched segment is: 
This segment is aborted.
in file: 607.mp3
prediction is: and just sit down
matched segment is: 
This segment is aborted.
in file: 607.mp3
prediction is: but the elephant
matched segment is: 
This segment is aborted.
in file: 607.mp3
prediction is: was so mad because the giraffe and the elephant want to go to the water
matched segment is: 
This segment is aborted.
in file: 607.mp3
prediction is: the end
matched segment is: 
This segment is aborted.
in file: 607.mp3
prediction is: the end
matched segment is: 
This segment is aborted.
in file: 607.mp3
prediction is: ok andrea go ahead and tell me the story that you see here
matched segment is: 
This segment is aborted.
in file: 607.mp3
prediction is: the giraffe and the elephant
matched segment is: 
This segment is aborted.
in file: 607.mp3
prediction is: the elephant saw the airplane on the giraffe is hand
matched segment is: 
This segment is aborted.
in file: 607.mp3
prediction is: and the elephant saw the airplane was flying and the giraffe was standing
matched segment is: 
This segment is aborted.
in file: 607.mp3
prediction is: with the airplane
matched segment is: 
This segment is aborted.
in file: 607.mp3
prediction is: and the elephant take away from the giraffe airplane and the elephant want to see it
matched segment is: 
This segment is aborted.
in file: 607.mp3
prediction is: and the elephant drop it in the water
matched segment is: 
This segment is aborted.
in file: 607.mp3
prediction is: and the trap was very angry and the elephant and the trap was saw the other elephant was saw the earplug and the water and
matched segment is: 
This segment is aborted.
in file: 607.mp3
prediction is: the elephant was say she was dropped the airplane in the water
matched segment is: 
This segment is aborted.
in file: 607.mp3
prediction is: and the elephant trying to go get the airplane
matched segment is: 
This segment is aborted.
in file: 607.mp3
prediction is: and he can not get it but the giraffe was crying with the airplane and the the other elephant will get
matched segment is: 
This segment is aborted.
in file: 607.mp3
prediction is: the airplane with that sink to for the fish and she the elephant trying to get it but it is too hard to get it but she get it
matched segment is: 
This segment is aborted.
in file: 607.mp3
prediction is: elephant got it now and the giraffe was happy
matched segment is: 
This segment is aborted.
in file: 607.mp3
prediction is: and the elephant and the giraffe was happy too
matched segment is: 
This segment is aborted.
in file: 607.mp3
prediction is: the end
matched segment is: 
This segment is aborted.
in file: 607.mp3
prediction is: the end
matched segment is: 
This segment is aborted.
in file: 607.mp3
prediction is: okay andrea go ahead and tell me the story that you see here
matched segment is: 
This segment is aborted.
in file: 607.mp3
prediction is: the bunny and the
matched segment is: 
This segment is aborted.
in file: 607.mp3
prediction is: the dog was making the sandcastle and the rabbit want to help the dog
matched segment is: 
This segment is aborted.
in file: 607.mp3
prediction is: and the rabbit was making the sandcastle and the dog off the niche
matched segment is: 
This segment is aborted.
in file: 607.mp3
prediction is: and the rabbit was trying to put the sand on the castle
matched segment is: 
This segment is aborted.
in file: 607.mp3
prediction is: the dog was so scared that the rabbit tried to put the sand on the castle
matched segment is: 
This segment is aborted.
in file: 607.mp3
prediction is: and it is break the sand castle
matched segment is: 
This segment is aborted.
in file: 607.mp3
prediction is: and the dog was crying and the rabbit
matched segment is: 
This segment is aborted.
in file: 607.mp3
prediction is: what is so sorry break the sad castle
matched segment is: 
This segment is aborted.
in file: 607.mp3
prediction is: the end
matched segment is: 
This segment is aborted.
in file: 607.mp3
prediction is: the end
matched segment is: 
This segment is aborted.
in file: 607.mp3
prediction is: okay go ahead andrea tell me the story that you see
matched segment is: 
This segment is aborted.
in file: 607.mp3
prediction is: the dog and the rabbit was going to the picnic
matched segment is: 
This segment is aborted.
in file: 607.mp3
prediction is: and the rabbit was had the carrot
matched segment is: 
This segment is aborted.
in file: 607.mp3
prediction is: and some hot dogs and some cake and some sandwiches
matched segment is: 
This segment is aborted.
in file: 607.mp3
prediction is: and the rabbit got too much to eat
matched segment is: 
This segment is aborted.
in file: 607.mp3
prediction is: and the rabbit got a stomachache
matched segment is: 
This segment is aborted.
in file: 607.mp3
prediction is: and he is getting sober
matched segment is: 
This segment is aborted.
in file: 607.mp3
prediction is: and the doctor came and saw the rabbit and the dog tried to get the doctor and the doctor was coming and saw the rabbit there
matched segment is: 
This segment is aborted.
in file: 607.mp3
prediction is: and the rabbit was so have a stomach ache and he feel really sick
matched segment is: 
This segment is aborted.
in file: 607.mp3
prediction is: and the rabbit go home and he feel better
matched segment is: 
This segment is aborted.
in file: 607.mp3
prediction is: go ahead and start your story andrea
matched segment is: 
This segment is aborted.
in file: 607.mp3
prediction is: the dog and the bunny saw the balloon the color pink balloon
matched segment is: 
This segment is aborted.
in file: 607.mp3
prediction is: and the rabbit went to see the balloon
matched segment is: 
This segment is aborted.
in file: 607.mp3
prediction is: and he tried to take it out for the dog
matched segment is: 
This segment is aborted.
in file: 607.mp3
prediction is: and it is flowing away from the dog
matched segment is: 
This segment is aborted.
in file: 607.mp3
prediction is: and the dog was very angry because the buddy was
matched segment is: 
This segment is aborted.
in file: 607.mp3
prediction is: let go the balloon
matched segment is: 
This segment is aborted.
in file: 607.mp3
prediction is: and the dog and the rabbit saw lots of balloons there
matched segment is: 
This segment is aborted.
in file: 607.mp3
prediction is: pink green and orange and blue and purple white and gold
matched segment is: 
This segment is aborted.
in file: 607.mp3
prediction is: and the rabbit choose the blue one and that and the the other the other rabbit was very angry because that is number 5
matched segment is: 
This segment is aborted.
in file: 607.mp3
prediction is: so the rabbit and the dog went to pick the balloon
matched segment is: 
This segment is aborted.
in file: 607.mp3
prediction is: but the dog turned there because the dog was sick
matched segment is: 
This segment is aborted.
in file: 607.mp3
prediction is: the doctor thought the dog was sick
matched segment is: 
This segment is aborted.
in file: 607.mp3
prediction is: the doctor got some money for the dog and the rabbit for the balloons
matched segment is: 
This segment is aborted.
in file: 607.mp3
prediction is: and the dog got the color bow
matched segment is: 
This segment is aborted.
in file: 607.mp3
prediction is: and the rabbit got to color the blue pillow
matched segment is: 
This segment is aborted.
in file: 523.mp3
prediction is: ok joey go ahead
matched segment is: 
This segment is aborted.
in file: 523.mp3
prediction is: tell me the story that you see in these pictures
matched segment is: 
This segment is aborted.
in file: 523.mp3
prediction is: ready
matched segment is: 
This segment is aborted.
in file: 523.mp3
prediction is: yeah
matched segment is: 
This segment is aborted.
in file: 523.mp3
prediction is: go on
matched segment is: 
This segment is aborted.
in file: 523.mp3
prediction is: what is happening
matched segment is: 
This segment is aborted.
in file: 523.mp3
prediction is: so that is a cart
matched segment is: 
This segment is aborted.
in file: 523.mp3
prediction is: she is trying to go in there
matched segment is: 
This segment is aborted.
in file: 523.mp3
prediction is: she is trying to take it
matched segment is: 
This segment is aborted.
in file: 523.mp3
prediction is: a boy
matched segment is: 
This segment is aborted.
in file: 523.mp3
prediction is: she is going to ask a guy
matched segment is: 
This segment is aborted.
in file: 523.mp3
prediction is: and the boy cookies
matched segment is: 
This segment is aborted.
in file: 523.mp3
prediction is: a cookie is a sound
matched segment is: 
This segment is aborted.
in file: 523.mp3
prediction is: a cookie she is making it
matched segment is: 
This segment is aborted.
in file: 523.mp3
prediction is: she said eating it
matched segment is: 
This segment is aborted.
in file: 523.mp3
prediction is: she is had to play sand
matched segment is: 
This segment is aborted.
in file: 523.mp3
prediction is: sand castle
matched segment is: 
This segment is aborted.
in file: 523.mp3
prediction is: she is had to make a big sand castle for rabbit a dog
matched segment is: 
This segment is aborted.
in file: 523.mp3
prediction is: about a rabbit
matched segment is: 
This segment is aborted.
in file: 523.mp3
prediction is: he spoiled us like this
matched segment is: 
This segment is aborted.
in file: 523.mp3
prediction is: she said i failed us
matched segment is: 
This segment is aborted.
in file: 523.mp3
prediction is: sand cat is castle
matched segment is: 
This segment is aborted.
in file: 523.mp3
prediction is: what happened
matched segment is: 
This segment is aborted.
in file: 523.mp3
prediction is: oops
matched segment is: 
This segment is aborted.
in file: 523.mp3
prediction is: she said sorry
matched segment is: 
This segment is aborted.
in file: 523.mp3
prediction is: well i would say do not hate it
matched segment is: 
This segment is aborted.
in file: 523.mp3
prediction is: you are bad so you have a sad castle
matched segment is: 
This segment is aborted.
in file: 523.mp3
prediction is: and
matched segment is: 
This segment is aborted.
in file: 523.mp3
prediction is: you are done
matched segment is: 
This segment is aborted.
in file: 523.mp3
prediction is: yeah i am
matched segment is: 
This segment is aborted.
in file: 523.mp3
prediction is: you tell me
matched segment is: 
This segment is aborted.
in file: 523.mp3
prediction is: you tell me the story you see jo
matched segment is: 
This segment is aborted.
in file: 523.mp3
prediction is: are you ok
matched segment is: 
This segment is aborted.
in file: 523.mp3
prediction is: ok go ahead
matched segment is: 
This segment is aborted.
in file: 523.mp3
prediction is: here are a couple of acts
matched segment is: 
This segment is aborted.
in file: 523.mp3
prediction is: so she is having to eat her food
matched segment is: 
This segment is aborted.
in file: 523.mp3
prediction is: she is so tired it just hurts
matched segment is: 
This segment is aborted.
in file: 523.mp3
prediction is: so she is sick so he is sick
matched segment is: 
This segment is aborted.
in file: 523.mp3
prediction is: our daughter is listening and he is telling us she is going to open the box
matched segment is: 
This segment is aborted.
in file: 523.mp3
prediction is: she is like yuck
matched segment is: 
This segment is aborted.
in file: 523.mp3
prediction is: so our daughter she rub rub rub herself like this
matched segment is: 
This segment is aborted.
in file: 523.mp3
prediction is: i wrap it and i say open your mouth
matched segment is: 
This segment is aborted.
in file: 523.mp3
prediction is: so wrap it wrap it
matched segment is: 
This segment is aborted.
in file: 523.mp3
prediction is: so so very bad
matched segment is: 
This segment is aborted.
in file: 523.mp3
prediction is: all done
matched segment is: 
This segment is aborted.
in file: 523.mp3
prediction is: yeah
matched segment is: 
This segment is aborted.
in file: 523.mp3
prediction is: go ahead and tell me the story you see here
matched segment is: 
This segment is aborted.
in file: 523.mp3
prediction is: so she is had to color us some blue
matched segment is: 
This segment is aborted.
in file: 523.mp3
prediction is: so here is how i get some blue like this
matched segment is: 
This segment is aborted.
in file: 523.mp3
prediction is: so what she is had to say she is had to take it off and put it up
matched segment is: 
This segment is aborted.
in file: 523.mp3
prediction is: let us see
matched segment is: 
This segment is aborted.
in file: 523.mp3
prediction is: ah
matched segment is: 
This segment is aborted.
in file: 523.mp3
prediction is: a poo
matched segment is: 
This segment is aborted.
in file: 523.mp3
prediction is: urgh
matched segment is: 
This segment is aborted.
in file: 523.mp3
prediction is: what is happening
matched segment is: 
This segment is aborted.
in file: 523.mp3
prediction is: she is a boo
matched segment is: 
This segment is aborted.
in file: 523.mp3
prediction is: urgh
matched segment is: 
This segment is aborted.
in file: 523.mp3
prediction is: poo is stuck
matched segment is: 
This segment is aborted.
in file: 523.mp3
prediction is: yahoo
matched segment is: 
This segment is aborted.
in file: 523.mp3
prediction is: oops
matched segment is: 
This segment is aborted.
in file: 523.mp3
prediction is: ouch
matched segment is: 
This segment is aborted.
in file: 523.mp3
prediction is: up whoa so she is like this one where is where is my where is my my blue what is happening so
matched segment is: 
This segment is aborted.
in file: 523.mp3
prediction is: i shudder because i am going to say i i am going to make sure that i am going to be a winner
matched segment is: 
This segment is aborted.
in file: 523.mp3
prediction is: i am going to be a winner not both of us
matched segment is: 
This segment is aborted.
in file: 523.mp3
prediction is: both of us are losers
matched segment is: 
This segment is aborted.
in file: 523.mp3
prediction is: she said i talked to her
matched segment is: 
This segment is aborted.
in file: 523.mp3
prediction is: yes
matched segment is: 
This segment is aborted.
in file: 523.mp3
prediction is: i told her i was going to win
matched segment is: 
This segment is aborted.
in file: 523.mp3
prediction is: i want to go home
matched segment is: 
This segment is aborted.
in file: 523.mp3
prediction is: can you hear that
matched segment is: 
This segment is aborted.
in file: 523.mp3
prediction is: so i wanted a bunch of blue
matched segment is: 
This segment is aborted.
in file: 523.mp3
prediction is: i wanted a bunch of blue
matched segment is: 
This segment is aborted.
in file: 523.mp3
prediction is: yay
matched segment is: 
This segment is aborted.
in file: 523.mp3
prediction is: she said .
matched segment is: 
This segment is aborted.
in file: 523.mp3
prediction is: then i am all done
matched segment is: 
This segment is aborted.
in file: 523.mp3
prediction is: you are done though
matched segment is: 
This segment is aborted.
in file: 523.mp3
prediction is: okay jory tell me the story you see here
matched segment is: 
This segment is aborted.
in file: 523.mp3
prediction is: so all the elephants say yes you can play with me
matched segment is: 
This segment is aborted.
in file: 523.mp3
prediction is: so she tried to put it in the water
matched segment is: 
This segment is aborted.
in file: 523.mp3
prediction is: ah
matched segment is: 
This segment is aborted.
in file: 523.mp3
prediction is: boop
matched segment is: 
This segment is aborted.
in file: 523.mp3
prediction is: i got it
matched segment is: 
This segment is aborted.
in file: 523.mp3
prediction is: i got it
matched segment is: 
This segment is aborted.
in file: 523.mp3
prediction is: i got it
matched segment is: 
This segment is aborted.
in file: 523.mp3
prediction is: i got it
matched segment is: 
This segment is aborted.
in file: 523.mp3
prediction is: so good
matched segment is: 
This segment is aborted.
in file: 523.mp3
prediction is: good job
matched segment is: 
This segment is aborted.
in file: 523.mp3
prediction is: so your husband too
matched segment is: 
This segment is aborted.
in file: 523.mp3
prediction is: i am done
matched segment is: 
This segment is aborted.
in file: 523.mp3
prediction is: number one
matched segment is: 
This segment is aborted.
in file: 523.mp3
prediction is: you got this
matched segment is: 
This segment is aborted.
in file: 523.mp3
prediction is: she is husband
matched segment is: 
This segment is aborted.
in file: 523.mp3
prediction is: ok joy
matched segment is: 
This segment is aborted.
in file: 523.mp3
prediction is: go right ahead
matched segment is: 
This segment is aborted.
in file: 523.mp3
prediction is: start on her story
matched segment is: 
This segment is aborted.
in file: 523.mp3
prediction is: so she started whee
matched segment is: 
This segment is aborted.
in file: 523.mp3
prediction is: then she started getting water
matched segment is: 
This segment is aborted.
in file: 523.mp3
prediction is: i want to go here
matched segment is: 
This segment is aborted.
in file: 523.mp3
prediction is: yes you can
matched segment is: 
This segment is aborted.
in file: 523.mp3
prediction is: yahoo
matched segment is: 
This segment is aborted.
in file: 523.mp3
prediction is: wait
matched segment is: 
This segment is aborted.
in file: 523.mp3
prediction is: so your knees is hurt
matched segment is: 
This segment is aborted.
in file: 523.mp3
prediction is: ah
matched segment is: 
This segment is aborted.
in file: 523.mp3
prediction is: ouch
matched segment is: 
This segment is aborted.
in file: 523.mp3
prediction is: so that hurts
matched segment is: 
This segment is aborted.
in file: 523.mp3
prediction is: she has got to cry
matched segment is: 
This segment is aborted.
in file: 523.mp3
prediction is: so this is it
matched segment is: 
This segment is aborted.
in file: 523.mp3
prediction is: yeah that is better
matched segment is: 
This segment is aborted.
in file: 523.mp3
prediction is: that is her new bedding
matched segment is: 
This segment is aborted.
in file: 523.mp3
prediction is: so you got to go swim later
matched segment is: 
This segment is aborted.
in file: 523.mp3
prediction is: so you got to get hurt
matched segment is: 
This segment is aborted.
in file: 523.mp3
prediction is: i am done
matched segment is: 
This segment is aborted.
in file: 523.mp3
prediction is: done
matched segment is: 
This segment is aborted.
in file: 523.mp3
prediction is: whoa
matched segment is: 
This segment is aborted.
in file: 523.mp3
prediction is: okay dory
matched segment is: 
This segment is aborted.
in file: 523.mp3
prediction is: tell me the story that you see here
matched segment is: 
This segment is aborted.
in file: 523.mp3
prediction is: so you had to go swim
matched segment is: 
This segment is aborted.
in file: 523.mp3
prediction is: then whoa
matched segment is: 
This segment is aborted.
in file: 523.mp3
prediction is: stop
matched segment is: 
This segment is aborted.
in file: 523.mp3
prediction is: so fly
matched segment is: 
This segment is aborted.
in file: 523.mp3
prediction is: he is dead
matched segment is: 
This segment is aborted.
in file: 523.mp3
prediction is: okay
matched segment is: 
This segment is aborted.
in file: 523.mp3
prediction is: so shh
matched segment is: 
This segment is aborted.
in file: 523.mp3
prediction is: ah
matched segment is: 
This segment is aborted.
in file: 523.mp3
prediction is: my earplug
matched segment is: 
This segment is aborted.
in file: 523.mp3
prediction is: you are so bad my earplug
matched segment is: 
This segment is aborted.
in file: 523.mp3
prediction is: grrrrrrrrrrrrrrrrrrrrrrrrrrrrrrrrrrrrrrrrrrrrrrrrrrrrrrrrrrrrrrrrrrrrrrrrrrrrrrrrrrrrrrrrrrrrrrrrrrrrrrrrrrrrrrrrrrrrrrrrrrrrrrrrrrrrrrrrrrrrrrrrrrrrrrrrrrrrrrrrrrrrrrrrrrrrrrrrrrrrrrrrrrrrrrrrrrrrrrrrrrrrrrrrrrrrrrrrrrrrrrrrrrrrrrrrrrrrrrrrrrrrrrrrrrrrrrrrrrrrrrrrrrrrrrrrrrrrrrrrrrrrrrrrrrrrrrrrrrrrrrrrrrrrrrrrrrrrrrrrrrrrrrrrrrrrrrrrrrrrrrrrrrrrrrrrrrrrrrrrrrrrrrrrrrrrrrrrrrrrrrrrrrrrrrrrrrrrrrrrrrrrrrrrrrrrrrrrrrrrrrrrrrrrrrrrrrrrrrrrrrrrrrr
matched segment is: 
This segment is aborted.
in file: 523.mp3
prediction is: i got it
matched segment is: 
This segment is aborted.
in file: 523.mp3
prediction is: i got it
matched segment is: 
This segment is aborted.
in file: 523.mp3
prediction is: see
matched segment is: 
This segment is aborted.
in file: 523.mp3
prediction is: i do not think so
matched segment is: 
This segment is aborted.
in file: 523.mp3
prediction is: give it a try
matched segment is: 
This segment is aborted.
in file: 523.mp3
prediction is: here i come
matched segment is: 
This segment is aborted.
in file: 523.mp3
prediction is: i got it
matched segment is: 
This segment is aborted.
in file: 523.mp3
prediction is: i got it
matched segment is: 
This segment is aborted.
in file: 523.mp3
prediction is: son she is just taught to cry
matched segment is: 
This segment is aborted.
in file: 523.mp3
prediction is: my earplug
matched segment is: 
This segment is aborted.
in file: 523.mp3
prediction is: so do not touch it
matched segment is: 
This segment is aborted.
in file: 523.mp3
prediction is: and i am done
matched segment is: 
This segment is aborted.
in file: 523.mp3
prediction is: you are all done
matched segment is: 
This segment is aborted.
